  Determining projects to restore...
  All projects are up-to-date for restore.
C:\my_work\CPU_Performence\TestPerformence\TestPerformence\Form1.cs(4,7): error CS0246: The type or namespace name 'OpenCvSharp' could not be found (are you missing a using directive or an assembly reference?) [C:\my_work\CPU_Performence\TestPerformence\TestPerformence\TestPerformence.csproj]
C:\my_work\CPU_Performence\TestPerformence\TestPerformence\Form1.cs(5,7): error CS0246: The type or namespace name 'OpenCvSharp' could not be found (are you missing a using directive or an assembly reference?) [C:\my_work\CPU_Performence\TestPerformence\TestPerformence\TestPerformence.csproj]
C:\my_work\CPU_Performence\TestPerformence\TestPerformence\Form1.cs(6,7): error CS0246: The type or namespace name 'PaddleOCRSharp' could not be found (are you missing a using directive or an assembly reference?) [C:\my_work\CPU_Performence\TestPerformence\TestPerformence\TestPerformence.csproj]
C:\my_work\CPU_Performence\TestPerformence\TestPerformence\Form1.cs(7,7): error CS0246: The type or namespace name 'Sdcb' could not be found (are you missing a using directive or an assembly reference?) [C:\my_work\CPU_Performence\TestPerformence\TestPerformence\TestPerformence.csproj]
C:\my_work\CPU_Performence\TestPerformence\TestPerformence\OCR\Utils\CropComponent.cs(2,7): error CS0246: The type or namespace name 'OpenCvSharp' could not be found (are you missing a using directive or an assembly reference?) [C:\my_work\CPU_Performence\TestPerformence\TestPerformence\TestPerformence.csproj]
C:\my_work\CPU_Performence\TestPerformence\TestPerformence\OCR\Utils\DetectLabelFromImage.cs(2,7): error CS0246: The type or namespace name 'DetectQRCode' could not be found (are you missing a using directive or an assembly reference?) [C:\my_work\CPU_Performence\TestPerformence\TestPerformence\TestPerformence.csproj]
C:\my_work\CPU_Performence\TestPerformence\TestPerformence\OCR\Utils\DetectLabelFromImage.cs(3,35): error CS0234: The type or namespace name 'Models' does not exist in the namespace 'GarmentGridApp.Presentation' (are you missing an assembly reference?) [C:\my_work\CPU_Performence\TestPerformence\TestPerformence\TestPerformence.csproj]
C:\my_work\CPU_Performence\TestPerformence\TestPerformence\OCR\Utils\DetectLabelFromImage.cs(4,7): error CS0246: The type or namespace name 'OpenCvSharp' could not be found (are you missing a using directive or an assembly reference?) [C:\my_work\CPU_Performence\TestPerformence\TestPerformence\TestPerformence.csproj]
C:\my_work\CPU_Performence\TestPerformence\TestPerformence\OCR\Utils\DetectLabelFromImage.cs(5,7): error CS0246: The type or namespace name 'PaddleOCRSharp' could not be found (are you missing a using directive or an assembly reference?) [C:\my_work\CPU_Performence\TestPerformence\TestPerformence\TestPerformence.csproj]
C:\my_work\CPU_Performence\TestPerformence\TestPerformence\OCR\Utils\DetectLabelFromImageV2.cs(2,7): error CS0246: The type or namespace name 'DetectQRCode' could not be found (are you missing a using directive or an assembly reference?) [C:\my_work\CPU_Performence\TestPerformence\TestPerformence\TestPerformence.csproj]
C:\my_work\CPU_Performence\TestPerformence\TestPerformence\OCR\Utils\DetectLabelFromImageV2.cs(3,35): error CS0234: The type or namespace name 'Models' does not exist in the namespace 'GarmentGridApp.Presentation' (are you missing an assembly reference?) [C:\my_work\CPU_Performence\TestPerformence\TestPerformence\TestPerformence.csproj]
C:\my_work\CPU_Performence\TestPerformence\TestPerformence\OCR\Utils\DetectLabelFromImageV2.cs(5,7): error CS0246: The type or namespace name 'OpenCvSharp' could not be found (are you missing a using directive or an assembly reference?) [C:\my_work\CPU_Performence\TestPerformence\TestPerformence\TestPerformence.csproj]
C:\my_work\CPU_Performence\TestPerformence\TestPerformence\OCR\Utils\DetectLabelFromImageV2.cs(6,7): error CS0246: The type or namespace name 'OpenCvSharp' could not be found (are you missing a using directive or an assembly reference?) [C:\my_work\CPU_Performence\TestPerformence\TestPerformence\TestPerformence.csproj]
C:\my_work\CPU_Performence\TestPerformence\TestPerformence\OCR\Utils\DetectLabelFromImageV2.cs(7,7): error CS0246: The type or namespace name 'PaddleOCRSharp' could not be found (are you missing a using directive or an assembly reference?) [C:\my_work\CPU_Performence\TestPerformence\TestPerformence\TestPerformence.csproj]
C:\my_work\CPU_Performence\TestPerformence\TestPerformence\OCR\Utils\DetectLabelFromImageV2.cs(8,7): error CS0246: The type or namespace name 'Sdcb' could not be found (are you missing a using directive or an assembly reference?) [C:\my_work\CPU_Performence\TestPerformence\TestPerformence\TestPerformence.csproj]
C:\my_work\CPU_Performence\TestPerformence\TestPerformence\OCR\Utils\GetRectangleAroundQR.cs(1,7): error CS0246: The type or namespace name 'OpenCvSharp' could not be found (are you missing a using directive or an assembly reference?) [C:\my_work\CPU_Performence\TestPerformence\TestPerformence\TestPerformence.csproj]
C:\my_work\CPU_Performence\TestPerformence\TestPerformence\OCR\Utils\ImageEnhancer.cs(9,16): error CS0246: The type or namespace name 'OpenCvSharp' could not be found (are you missing a using directive or an assembly reference?) [C:\my_work\CPU_Performence\TestPerformence\TestPerformence\TestPerformence.csproj]
C:\my_work\CPU_Performence\TestPerformence\TestPerformence\OCR\Utils\ImageEnhancer.cs(10,17): error CS0246: The type or namespace name 'OpenCvSharp' could not be found (are you missing a using directive or an assembly reference?) [C:\my_work\CPU_Performence\TestPerformence\TestPerformence\TestPerformence.csproj]
C:\my_work\CPU_Performence\TestPerformence\TestPerformence\OCR\Utils\ImageEnhancer.cs(1,7): error CS0246: The type or namespace name 'OpenCvSharp' could not be found (are you missing a using directive or an assembly reference?) [C:\my_work\CPU_Performence\TestPerformence\TestPerformence\TestPerformence.csproj]
C:\my_work\CPU_Performence\TestPerformence\TestPerformence\OCR\Utils\LabelDetector.cs(1,7): error CS0246: The type or namespace name 'OpenCvSharp' could not be found (are you missing a using directive or an assembly reference?) [C:\my_work\CPU_Performence\TestPerformence\TestPerformence\TestPerformence.csproj]
C:\my_work\CPU_Performence\TestPerformence\TestPerformence\OCR\Utils\LabelDetector.cs(2,7): error CS0246: The type or namespace name 'PaddleOCRSharp' could not be found (are you missing a using directive or an assembly reference?) [C:\my_work\CPU_Performence\TestPerformence\TestPerformence\TestPerformence.csproj]
C:\my_work\CPU_Performence\TestPerformence\TestPerformence\OCR\Utils\LabelDetectorZXing.cs(1,7): error CS0246: The type or namespace name 'OpenCvSharp' could not be found (are you missing a using directive or an assembly reference?) [C:\my_work\CPU_Performence\TestPerformence\TestPerformence\TestPerformence.csproj]
C:\my_work\CPU_Performence\TestPerformence\TestPerformence\OCR\Utils\LabelDetectorZXing.cs(9,7): error CS0246: The type or namespace name 'ZXing' could not be found (are you missing a using directive or an assembly reference?) [C:\my_work\CPU_Performence\TestPerformence\TestPerformence\TestPerformence.csproj]
C:\my_work\CPU_Performence\TestPerformence\TestPerformence\OCR\Utils\LabelDetectorZXing.cs(10,7): error CS0246: The type or namespace name 'ZXing' could not be found (are you missing a using directive or an assembly reference?) [C:\my_work\CPU_Performence\TestPerformence\TestPerformence\TestPerformence.csproj]
C:\my_work\CPU_Performence\TestPerformence\TestPerformence\OCR\Utils\RotationImage.cs(1,7): error CS0246: The type or namespace name 'OpenCvSharp' could not be found (are you missing a using directive or an assembly reference?) [C:\my_work\CPU_Performence\TestPerformence\TestPerformence\TestPerformence.csproj]
C:\my_work\CPU_Performence\TestPerformence\TestPerformence\OCR\Utils\RotationImage.cs(2,7): error CS0246: The type or namespace name 'Sdcb' could not be found (are you missing a using directive or an assembly reference?) [C:\my_work\CPU_Performence\TestPerformence\TestPerformence\TestPerformence.csproj]
C:\my_work\CPU_Performence\TestPerformence\TestPerformence\OCR\Utils\Yolo11Seg.cs(1,17): error CS0234: The type or namespace name 'ML' does not exist in the namespace 'Microsoft' (are you missing an assembly reference?) [C:\my_work\CPU_Performence\TestPerformence\TestPerformence\TestPerformence.csproj]
C:\my_work\CPU_Performence\TestPerformence\TestPerformence\OCR\Utils\Yolo11Seg.cs(2,17): error CS0234: The type or namespace name 'ML' does not exist in the namespace 'Microsoft' (are you missing an assembly reference?) [C:\my_work\CPU_Performence\TestPerformence\TestPerformence\TestPerformence.csproj]
C:\my_work\CPU_Performence\TestPerformence\TestPerformence\OCR\Utils\Yolo11Seg.cs(3,7): error CS0246: The type or namespace name 'OpenCvSharp' could not be found (are you missing a using directive or an assembly reference?) [C:\my_work\CPU_Performence\TestPerformence\TestPerformence\TestPerformence.csproj]
C:\my_work\CPU_Performence\TestPerformence\TestPerformence\OCR\Utils\CropComponent.cs(12,79): error CS0246: The type or namespace name 'OpenCvSharp' could not be found (are you missing a using directive or an assembly reference?) [C:\my_work\CPU_Performence\TestPerformence\TestPerformence\TestPerformence.csproj]
C:\my_work\CPU_Performence\TestPerformence\TestPerformence\Form1.cs(15,17): error CS0246: The type or namespace name 'PaddleOCREngine' could not be found (are you missing a using directive or an assembly reference?) [C:\my_work\CPU_Performence\TestPerformence\TestPerformence\TestPerformence.csproj]
C:\my_work\CPU_Performence\TestPerformence\TestPerformence\OCR\Utils\GetRectangleAroundQR.cs(12,66): error CS0246: The type or namespace name 'Point2f' could not be found (are you missing a using directive or an assembly reference?) [C:\my_work\CPU_Performence\TestPerformence\TestPerformence\TestPerformence.csproj]
C:\my_work\CPU_Performence\TestPerformence\TestPerformence\OCR\Utils\GetRectangleAroundQR.cs(12,86): error CS0246: The type or namespace name 'Point2f' could not be found (are you missing a using directive or an assembly reference?) [C:\my_work\CPU_Performence\TestPerformence\TestPerformence\TestPerformence.csproj]
C:\my_work\CPU_Performence\TestPerformence\TestPerformence\OCR\Utils\utils.cs(6,25): warning CS8981: The type name 'utils' only contains lower-cased ascii characters. Such names may become reserved for the language. [C:\my_work\CPU_Performence\TestPerformence\TestPerformence\TestPerformence.csproj]
C:\my_work\CPU_Performence\TestPerformence\TestPerformence\OCR\Utils\DetectLabelFromImageV2.cs(34,13): error CS0246: The type or namespace name 'Mat' could not be found (are you missing a using directive or an assembly reference?) [C:\my_work\CPU_Performence\TestPerformence\TestPerformence\TestPerformence.csproj]
C:\my_work\CPU_Performence\TestPerformence\TestPerformence\OCR\Utils\DetectLabelFromImageV2.cs(36,13): error CS0246: The type or namespace name 'PaddleOCREngine' could not be found (are you missing a using directive or an assembly reference?) [C:\my_work\CPU_Performence\TestPerformence\TestPerformence\TestPerformence.csproj]
C:\my_work\CPU_Performence\TestPerformence\TestPerformence\OCR\Utils\DetectLabelFromImageV2.cs(37,14): error CS0246: The type or namespace name 'PaddleRotationDetector' could not be found (are you missing a using directive or an assembly reference?) [C:\my_work\CPU_Performence\TestPerformence\TestPerformence\TestPerformence.csproj]
C:\my_work\CPU_Performence\TestPerformence\TestPerformence\Form1.cs(16,17): error CS0246: The type or namespace name 'PaddleRotationDetector' could not be found (are you missing a using directive or an assembly reference?) [C:\my_work\CPU_Performence\TestPerformence\TestPerformence\TestPerformence.csproj]
C:\my_work\CPU_Performence\TestPerformence\TestPerformence\OCR\Utils\DetectLabelFromImage.cs(19,46): error CS0246: The type or namespace name 'Mat' could not be found (are you missing a using directive or an assembly reference?) [C:\my_work\CPU_Performence\TestPerformence\TestPerformence\TestPerformence.csproj]
C:\my_work\CPU_Performence\TestPerformence\TestPerformence\OCR\Utils\DetectLabelFromImage.cs(19,57): error CS0246: The type or namespace name 'PaddleOCREngine' could not be found (are you missing a using directive or an assembly reference?) [C:\my_work\CPU_Performence\TestPerformence\TestPerformence\TestPerformence.csproj]
C:\my_work\CPU_Performence\TestPerformence\TestPerformence\OCR\Utils\DetectLabelFromImage.cs(19,101): error CS0246: The type or namespace name 'OverlayPictureBox' could not be found (are you missing a using directive or an assembly reference?) [C:\my_work\CPU_Performence\TestPerformence\TestPerformence\TestPerformence.csproj]
C:\my_work\CPU_Performence\TestPerformence\TestPerformence\OCR\Utils\DetectLabelFromImage.cs(19,23): error CS0246: The type or namespace name 'DetectInfo' could not be found (are you missing a using directive or an assembly reference?) [C:\my_work\CPU_Performence\TestPerformence\TestPerformence\TestPerformence.csproj]
C:\my_work\CPU_Performence\TestPerformence\TestPerformence\OCR\Utils\DetectLabelFromImageV2.cs(257,105): error CS0246: The type or namespace name 'PaddleOCREngine' could not be found (are you missing a using directive or an assembly reference?) [C:\my_work\CPU_Performence\TestPerformence\TestPerformence\TestPerformence.csproj]
C:\my_work\CPU_Performence\TestPerformence\TestPerformence\OCR\Utils\GetRectangleAroundQR.cs(60,54): error CS0246: The type or namespace name 'Point2f' could not be found (are you missing a using directive or an assembly reference?) [C:\my_work\CPU_Performence\TestPerformence\TestPerformence\TestPerformence.csproj]
C:\my_work\CPU_Performence\TestPerformence\TestPerformence\OCR\Utils\GetRectangleAroundQR.cs(60,23): error CS0246: The type or namespace name 'Point2f' could not be found (are you missing a using directive or an assembly reference?) [C:\my_work\CPU_Performence\TestPerformence\TestPerformence\TestPerformence.csproj]
C:\my_work\CPU_Performence\TestPerformence\TestPerformence\OCR\Utils\fuzzy.cs(9,25): warning CS8981: The type name 'fuzzy' only contains lower-cased ascii characters. Such names may become reserved for the language. [C:\my_work\CPU_Performence\TestPerformence\TestPerformence\TestPerformence.csproj]
C:\my_work\CPU_Performence\TestPerformence\TestPerformence\Form1.cs(17,17): error CS0246: The type or namespace name 'Mat' could not be found (are you missing a using directive or an assembly reference?) [C:\my_work\CPU_Performence\TestPerformence\TestPerformence\TestPerformence.csproj]
C:\my_work\CPU_Performence\TestPerformence\TestPerformence\OCR\Utils\LabelDetector.cs(21,151): error CS0246: The type or namespace name 'Point2f' could not be found (are you missing a using directive or an assembly reference?) [C:\my_work\CPU_Performence\TestPerformence\TestPerformence\TestPerformence.csproj]
C:\my_work\CPU_Performence\TestPerformence\TestPerformence\OCR\Utils\LabelDetector.cs(21,24): error CS0246: The type or namespace name 'RotatedRect' could not be found (are you missing a using directive or an assembly reference?) [C:\my_work\CPU_Performence\TestPerformence\TestPerformence\TestPerformence.csproj]
C:\my_work\CPU_Performence\TestPerformence\TestPerformence\OCR\Utils\LabelDetector.cs(21,43): error CS0246: The type or namespace name 'Point2f' could not be found (are you missing a using directive or an assembly reference?) [C:\my_work\CPU_Performence\TestPerformence\TestPerformence\TestPerformence.csproj]
C:\my_work\CPU_Performence\TestPerformence\TestPerformence\OCR\Utils\DetectLabelFromImage.cs(171,43): error CS0246: The type or namespace name 'Mat' could not be found (are you missing a using directive or an assembly reference?) [C:\my_work\CPU_Performence\TestPerformence\TestPerformence\TestPerformence.csproj]
C:\my_work\CPU_Performence\TestPerformence\TestPerformence\OCR\Utils\DetectLabelFromImageV2.cs(301,43): error CS0246: The type or namespace name 'Mat' could not be found (are you missing a using directive or an assembly reference?) [C:\my_work\CPU_Performence\TestPerformence\TestPerformence\TestPerformence.csproj]
C:\my_work\CPU_Performence\TestPerformence\TestPerformence\OCR\Utils\DetectLabelFromImage.cs(204,24): error CS0246: The type or namespace name 'Mat' could not be found (are you missing a using directive or an assembly reference?) [C:\my_work\CPU_Performence\TestPerformence\TestPerformence\TestPerformence.csproj]
C:\my_work\CPU_Performence\TestPerformence\TestPerformence\OCR\Utils\GetRectangleAroundQR.cs(122,60): error CS0246: The type or namespace name 'Point2f' could not be found (are you missing a using directive or an assembly reference?) [C:\my_work\CPU_Performence\TestPerformence\TestPerformence\TestPerformence.csproj]
C:\my_work\CPU_Performence\TestPerformence\TestPerformence\OCR\Utils\GetRectangleAroundQR.cs(122,24): error CS0246: The type or namespace name 'Point2f' could not be found (are you missing a using directive or an assembly reference?) [C:\my_work\CPU_Performence\TestPerformence\TestPerformence\TestPerformence.csproj]
C:\my_work\CPU_Performence\TestPerformence\TestPerformence\OCR\Utils\ImageEnhancer.cs(389,41): error CS0246: The type or namespace name 'Mat' could not be found (are you missing a using directive or an assembly reference?) [C:\my_work\CPU_Performence\TestPerformence\TestPerformence\TestPerformence.csproj]
C:\my_work\CPU_Performence\TestPerformence\TestPerformence\OCR\Utils\DetectLabelFromImageV2.cs(338,45): error CS0246: The type or namespace name 'Mat' could not be found (are you missing a using directive or an assembly reference?) [C:\my_work\CPU_Performence\TestPerformence\TestPerformence\TestPerformence.csproj]
C:\my_work\CPU_Performence\TestPerformence\TestPerformence\OCR\Utils\DetectLabelFromImageV2.cs(338,24): error CS0246: The type or namespace name 'Mat' could not be found (are you missing a using directive or an assembly reference?) [C:\my_work\CPU_Performence\TestPerformence\TestPerformence\TestPerformence.csproj]
C:\my_work\CPU_Performence\TestPerformence\TestPerformence\OCR\Utils\LabelDetectorZXing.cs(21,24): error CS0246: The type or namespace name 'Point2f' could not be found (are you missing a using directive or an assembly reference?) [C:\my_work\CPU_Performence\TestPerformence\TestPerformence\TestPerformence.csproj]
C:\my_work\CPU_Performence\TestPerformence\TestPerformence\Form1.Designer.cs(14,33): error CS0111: Type 'Form1' already defines a member called 'Dispose' with the same parameter types [C:\my_work\CPU_Performence\TestPerformence\TestPerformence\TestPerformence.csproj]
C:\my_work\CPU_Performence\TestPerformence\TestPerformence\OCR\Utils\LabelDetector.cs(188,103): error CS0246: The type or namespace name 'RotatedRect' could not be found (are you missing a using directive or an assembly reference?) [C:\my_work\CPU_Performence\TestPerformence\TestPerformence\TestPerformence.csproj]
C:\my_work\CPU_Performence\TestPerformence\TestPerformence\OCR\Utils\LabelDetector.cs(188,121): error CS0246: The type or namespace name 'OpenCvSharp' could not be found (are you missing a using directive or an assembly reference?) [C:\my_work\CPU_Performence\TestPerformence\TestPerformence\TestPerformence.csproj]
C:\my_work\CPU_Performence\TestPerformence\TestPerformence\OCR\Utils\LabelDetector.cs(189,33): error CS0246: The type or namespace name 'Point2f' could not be found (are you missing a using directive or an assembly reference?) [C:\my_work\CPU_Performence\TestPerformence\TestPerformence\TestPerformence.csproj]
C:\my_work\CPU_Performence\TestPerformence\TestPerformence\OCR\Utils\LabelDetector.cs(189,56): error CS0246: The type or namespace name 'Point2f' could not be found (are you missing a using directive or an assembly reference?) [C:\my_work\CPU_Performence\TestPerformence\TestPerformence\TestPerformence.csproj]
C:\my_work\CPU_Performence\TestPerformence\TestPerformence\OCR\Utils\LabelDetector.cs(188,46): error CS0246: The type or namespace name 'OpenCvSharp' could not be found (are you missing a using directive or an assembly reference?) [C:\my_work\CPU_Performence\TestPerformence\TestPerformence\TestPerformence.csproj]
C:\my_work\CPU_Performence\TestPerformence\TestPerformence\OCR\Utils\ImageEnhancer.cs(400,43): error CS0246: The type or namespace name 'Mat' could not be found (are you missing a using directive or an assembly reference?) [C:\my_work\CPU_Performence\TestPerformence\TestPerformence\TestPerformence.csproj]
C:\my_work\CPU_Performence\TestPerformence\TestPerformence\OCR\Utils\DetectLabelFromImage.cs(211,83): error CS0246: The type or namespace name 'OverlayPictureBox' could not be found (are you missing a using directive or an assembly reference?) [C:\my_work\CPU_Performence\TestPerformence\TestPerformence\TestPerformence.csproj]
C:\my_work\CPU_Performence\TestPerformence\TestPerformence\OCR\Utils\DetectLabelFromImage.cs(211,24): error CS0246: The type or namespace name 'RoiResult' could not be found (are you missing a using directive or an assembly reference?) [C:\my_work\CPU_Performence\TestPerformence\TestPerformence\TestPerformence.csproj]
C:\my_work\CPU_Performence\TestPerformence\TestPerformence\OCR\Utils\LabelDetector.cs(339,24): error CS0246: The type or namespace name 'Point2f' could not be found (are you missing a using directive or an assembly reference?) [C:\my_work\CPU_Performence\TestPerformence\TestPerformence\TestPerformence.csproj]
C:\my_work\CPU_Performence\TestPerformence\TestPerformence\OCR\Utils\RotationImage.cs(13,23): error CS0246: The type or namespace name 'RotatedRect' could not be found (are you missing a using directive or an assembly reference?) [C:\my_work\CPU_Performence\TestPerformence\TestPerformence\TestPerformence.csproj]
C:\my_work\CPU_Performence\TestPerformence\TestPerformence\OCR\Utils\DetectLabelFromImage.cs(256,105): error CS0246: The type or namespace name 'PaddleOCREngine' could not be found (are you missing a using directive or an assembly reference?) [C:\my_work\CPU_Performence\TestPerformence\TestPerformence\TestPerformence.csproj]
C:\my_work\CPU_Performence\TestPerformence\TestPerformence\OCR\Utils\ImageEnhancer.cs(417,45): error CS0246: The type or namespace name 'Point2f' could not be found (are you missing a using directive or an assembly reference?) [C:\my_work\CPU_Performence\TestPerformence\TestPerformence\TestPerformence.csproj]
C:\my_work\CPU_Performence\TestPerformence\TestPerformence\OCR\Utils\ImageEnhancer.cs(417,24): error CS0246: The type or namespace name 'Point2f' could not be found (are you missing a using directive or an assembly reference?) [C:\my_work\CPU_Performence\TestPerformence\TestPerformence\TestPerformence.csproj]
C:\my_work\CPU_Performence\TestPerformence\TestPerformence\OCR\Utils\LabelDetector.cs(365,23): error CS0246: The type or namespace name 'Mat' could not be found (are you missing a using directive or an assembly reference?) [C:\my_work\CPU_Performence\TestPerformence\TestPerformence\TestPerformence.csproj]
C:\my_work\CPU_Performence\TestPerformence\TestPerformence\OCR\Utils\Yolo11Seg.cs(20,16): error CS0246: The type or namespace name 'Rect' could not be found (are you missing a using directive or an assembly reference?) [C:\my_work\CPU_Performence\TestPerformence\TestPerformence\TestPerformence.csproj]
C:\my_work\CPU_Performence\TestPerformence\TestPerformence\OCR\Utils\LabelDetector.cs(372,42): error CS0246: The type or namespace name 'Mat' could not be found (are you missing a using directive or an assembly reference?) [C:\my_work\CPU_Performence\TestPerformence\TestPerformence\TestPerformence.csproj]
C:\my_work\CPU_Performence\TestPerformence\TestPerformence\OCR\Utils\Yolo11Seg.cs(23,21): error CS0246: The type or namespace name 'OpenCvSharp' could not be found (are you missing a using directive or an assembly reference?) [C:\my_work\CPU_Performence\TestPerformence\TestPerformence\TestPerformence.csproj]
C:\my_work\CPU_Performence\TestPerformence\TestPerformence\OCR\Utils\RotationImage.cs(26,45): error CS0246: The type or namespace name 'Mat' could not be found (are you missing a using directive or an assembly reference?) [C:\my_work\CPU_Performence\TestPerformence\TestPerformence\TestPerformence.csproj]
C:\my_work\CPU_Performence\TestPerformence\TestPerformence\OCR\Utils\RotationImage.cs(26,62): error CS0246: The type or namespace name 'RotatedRect' could not be found (are you missing a using directive or an assembly reference?) [C:\my_work\CPU_Performence\TestPerformence\TestPerformence\TestPerformence.csproj]
C:\my_work\CPU_Performence\TestPerformence\TestPerformence\OCR\Utils\RotationImage.cs(26,23): error CS0246: The type or namespace name 'Mat' could not be found (are you missing a using directive or an assembly reference?) [C:\my_work\CPU_Performence\TestPerformence\TestPerformence\TestPerformence.csproj]
C:\my_work\CPU_Performence\TestPerformence\TestPerformence\OCR\Utils\ImageEnhancer.cs(452,39): error CS0246: The type or namespace name 'Point2f' could not be found (are you missing a using directive or an assembly reference?) [C:\my_work\CPU_Performence\TestPerformence\TestPerformence\TestPerformence.csproj]
C:\my_work\CPU_Performence\TestPerformence\TestPerformence\OCR\Utils\ImageEnhancer.cs(452,51): error CS0246: The type or namespace name 'Point2f' could not be found (are you missing a using directive or an assembly reference?) [C:\my_work\CPU_Performence\TestPerformence\TestPerformence\TestPerformence.csproj]
C:\my_work\CPU_Performence\TestPerformence\TestPerformence\OCR\Utils\Yolo11Seg.cs(119,45): error CS0246: The type or namespace name 'Mat' could not be found (are you missing a using directive or an assembly reference?) [C:\my_work\CPU_Performence\TestPerformence\TestPerformence\TestPerformence.csproj]
C:\my_work\CPU_Performence\TestPerformence\TestPerformence\OCR\Utils\ImageEnhancer.cs(462,24): error CS0246: The type or namespace name 'Mat' could not be found (are you missing a using directive or an assembly reference?) [C:\my_work\CPU_Performence\TestPerformence\TestPerformence\TestPerformence.csproj]
C:\my_work\CPU_Performence\TestPerformence\TestPerformence\OCR\Utils\RotationImage.cs(92,48): error CS0246: The type or namespace name 'Mat' could not be found (are you missing a using directive or an assembly reference?) [C:\my_work\CPU_Performence\TestPerformence\TestPerformence\TestPerformence.csproj]
C:\my_work\CPU_Performence\TestPerformence\TestPerformence\OCR\Utils\RotationImage.cs(92,23): error CS0246: The type or namespace name 'Mat' could not be found (are you missing a using directive or an assembly reference?) [C:\my_work\CPU_Performence\TestPerformence\TestPerformence\TestPerformence.csproj]
C:\my_work\CPU_Performence\TestPerformence\TestPerformence\OCR\Utils\ImageEnhancer.cs(472,43): error CS0246: The type or namespace name 'Mat' could not be found (are you missing a using directive or an assembly reference?) [C:\my_work\CPU_Performence\TestPerformence\TestPerformence\TestPerformence.csproj]
C:\my_work\CPU_Performence\TestPerformence\TestPerformence\OCR\Utils\Yolo11Seg.cs(256,64): error CS0246: The type or namespace name 'Tensor<>' could not be found (are you missing a using directive or an assembly reference?) [C:\my_work\CPU_Performence\TestPerformence\TestPerformence\TestPerformence.csproj]
C:\my_work\CPU_Performence\TestPerformence\TestPerformence\OCR\Utils\Yolo11Seg.cs(256,22): error CS0246: The type or namespace name 'OpenCvSharp' could not be found (are you missing a using directive or an assembly reference?) [C:\my_work\CPU_Performence\TestPerformence\TestPerformence\TestPerformence.csproj]
C:\my_work\CPU_Performence\TestPerformence\TestPerformence\OCR\Utils\RotationImage.cs(118,57): error CS0246: The type or namespace name 'Mat' could not be found (are you missing a using directive or an assembly reference?) [C:\my_work\CPU_Performence\TestPerformence\TestPerformence\TestPerformence.csproj]
C:\my_work\CPU_Performence\TestPerformence\TestPerformence\OCR\Utils\RotationImage.cs(118,66): error CS0246: The type or namespace name 'PaddleRotationDetector' could not be found (are you missing a using directive or an assembly reference?) [C:\my_work\CPU_Performence\TestPerformence\TestPerformence\TestPerformence.csproj]
C:\my_work\CPU_Performence\TestPerformence\TestPerformence\OCR\Utils\RotationImage.cs(118,23): error CS0246: The type or namespace name 'RotationDegree' could not be found (are you missing a using directive or an assembly reference?) [C:\my_work\CPU_Performence\TestPerformence\TestPerformence\TestPerformence.csproj]
C:\my_work\CPU_Performence\TestPerformence\TestPerformence\OCR\Utils\Yolo11Seg.cs(302,52): error CS0246: The type or namespace name 'Mat' could not be found (are you missing a using directive or an assembly reference?) [C:\my_work\CPU_Performence\TestPerformence\TestPerformence\TestPerformence.csproj]
C:\my_work\CPU_Performence\TestPerformence\TestPerformence\OCR\Utils\Yolo11Seg.cs(302,17): error CS0246: The type or namespace name 'DenseTensor<>' could not be found (are you missing a using directive or an assembly reference?) [C:\my_work\CPU_Performence\TestPerformence\TestPerformence\TestPerformence.csproj]
C:\my_work\CPU_Performence\TestPerformence\TestPerformence\OCR\Utils\RotationImage.cs(124,34): error CS0246: The type or namespace name 'Mat' could not be found (are you missing a using directive or an assembly reference?) [C:\my_work\CPU_Performence\TestPerformence\TestPerformence\TestPerformence.csproj]
C:\my_work\CPU_Performence\TestPerformence\TestPerformence\OCR\Utils\Yolo11Seg.cs(423,34): error CS0246: The type or namespace name 'Tensor<>' could not be found (are you missing a using directive or an assembly reference?) [C:\my_work\CPU_Performence\TestPerformence\TestPerformence\TestPerformence.csproj]
C:\my_work\CPU_Performence\TestPerformence\TestPerformence\OCR\Utils\RotationImage.cs(124,43): error CS0246: The type or namespace name 'RotationDegree' could not be found (are you missing a using directive or an assembly reference?) [C:\my_work\CPU_Performence\TestPerformence\TestPerformence\TestPerformence.csproj]
C:\my_work\CPU_Performence\TestPerformence\TestPerformence\OCR\Utils\RotationImage.cs(124,23): error CS0246: The type or namespace name 'Mat' could not be found (are you missing a using directive or an assembly reference?) [C:\my_work\CPU_Performence\TestPerformence\TestPerformence\TestPerformence.csproj]
C:\my_work\CPU_Performence\TestPerformence\TestPerformence\OCR\Utils\Yolo11Seg.cs(423,17): error CS0246: The type or namespace name 'Mat' could not be found (are you missing a using directive or an assembly reference?) [C:\my_work\CPU_Performence\TestPerformence\TestPerformence\TestPerformence.csproj]
C:\my_work\CPU_Performence\TestPerformence\TestPerformence\OCR\Utils\Yolo11Seg.cs(31,26): error CS0246: The type or namespace name 'InferenceSession' could not be found (are you missing a using directive or an assembly reference?) [C:\my_work\CPU_Performence\TestPerformence\TestPerformence\TestPerformence.csproj]
C:\my_work\CPU_Performence\TestPerformence\TestPerformence\OCR\Utils\Yolo11Seg.cs(32,26): error CS0246: The type or namespace name 'SessionOptions' could not be found (are you missing a using directive or an assembly reference?) [C:\my_work\CPU_Performence\TestPerformence\TestPerformence\TestPerformence.csproj]

Build FAILED.

C:\my_work\CPU_Performence\TestPerformence\TestPerformence\OCR\Utils\utils.cs(6,25): warning CS8981: The type name 'utils' only contains lower-cased ascii characters. Such names may become reserved for the language. [C:\my_work\CPU_Performence\TestPerformence\TestPerformence\TestPerformence.csproj]
C:\my_work\CPU_Performence\TestPerformence\TestPerformence\OCR\Utils\fuzzy.cs(9,25): warning CS8981: The type name 'fuzzy' only contains lower-cased ascii characters. Such names may become reserved for the language. [C:\my_work\CPU_Performence\TestPerformence\TestPerformence\TestPerformence.csproj]
C:\my_work\CPU_Performence\TestPerformence\TestPerformence\Form1.cs(4,7): error CS0246: The type or namespace name 'OpenCvSharp' could not be found (are you missing a using directive or an assembly reference?) [C:\my_work\CPU_Performence\TestPerformence\TestPerformence\TestPerformence.csproj]
C:\my_work\CPU_Performence\TestPerformence\TestPerformence\Form1.cs(5,7): error CS0246: The type or namespace name 'OpenCvSharp' could not be found (are you missing a using directive or an assembly reference?) [C:\my_work\CPU_Performence\TestPerformence\TestPerformence\TestPerformence.csproj]
C:\my_work\CPU_Performence\TestPerformence\TestPerformence\Form1.cs(6,7): error CS0246: The type or namespace name 'PaddleOCRSharp' could not be found (are you missing a using directive or an assembly reference?) [C:\my_work\CPU_Performence\TestPerformence\TestPerformence\TestPerformence.csproj]
C:\my_work\CPU_Performence\TestPerformence\TestPerformence\Form1.cs(7,7): error CS0246: The type or namespace name 'Sdcb' could not be found (are you missing a using directive or an assembly reference?) [C:\my_work\CPU_Performence\TestPerformence\TestPerformence\TestPerformence.csproj]
C:\my_work\CPU_Performence\TestPerformence\TestPerformence\OCR\Utils\CropComponent.cs(2,7): error CS0246: The type or namespace name 'OpenCvSharp' could not be found (are you missing a using directive or an assembly reference?) [C:\my_work\CPU_Performence\TestPerformence\TestPerformence\TestPerformence.csproj]
C:\my_work\CPU_Performence\TestPerformence\TestPerformence\OCR\Utils\DetectLabelFromImage.cs(2,7): error CS0246: The type or namespace name 'DetectQRCode' could not be found (are you missing a using directive or an assembly reference?) [C:\my_work\CPU_Performence\TestPerformence\TestPerformence\TestPerformence.csproj]
C:\my_work\CPU_Performence\TestPerformence\TestPerformence\OCR\Utils\DetectLabelFromImage.cs(3,35): error CS0234: The type or namespace name 'Models' does not exist in the namespace 'GarmentGridApp.Presentation' (are you missing an assembly reference?) [C:\my_work\CPU_Performence\TestPerformence\TestPerformence\TestPerformence.csproj]
C:\my_work\CPU_Performence\TestPerformence\TestPerformence\OCR\Utils\DetectLabelFromImage.cs(4,7): error CS0246: The type or namespace name 'OpenCvSharp' could not be found (are you missing a using directive or an assembly reference?) [C:\my_work\CPU_Performence\TestPerformence\TestPerformence\TestPerformence.csproj]
C:\my_work\CPU_Performence\TestPerformence\TestPerformence\OCR\Utils\DetectLabelFromImage.cs(5,7): error CS0246: The type or namespace name 'PaddleOCRSharp' could not be found (are you missing a using directive or an assembly reference?) [C:\my_work\CPU_Performence\TestPerformence\TestPerformence\TestPerformence.csproj]
C:\my_work\CPU_Performence\TestPerformence\TestPerformence\OCR\Utils\DetectLabelFromImageV2.cs(2,7): error CS0246: The type or namespace name 'DetectQRCode' could not be found (are you missing a using directive or an assembly reference?) [C:\my_work\CPU_Performence\TestPerformence\TestPerformence\TestPerformence.csproj]
C:\my_work\CPU_Performence\TestPerformence\TestPerformence\OCR\Utils\DetectLabelFromImageV2.cs(3,35): error CS0234: The type or namespace name 'Models' does not exist in the namespace 'GarmentGridApp.Presentation' (are you missing an assembly reference?) [C:\my_work\CPU_Performence\TestPerformence\TestPerformence\TestPerformence.csproj]
C:\my_work\CPU_Performence\TestPerformence\TestPerformence\OCR\Utils\DetectLabelFromImageV2.cs(5,7): error CS0246: The type or namespace name 'OpenCvSharp' could not be found (are you missing a using directive or an assembly reference?) [C:\my_work\CPU_Performence\TestPerformence\TestPerformence\TestPerformence.csproj]
C:\my_work\CPU_Performence\TestPerformence\TestPerformence\OCR\Utils\DetectLabelFromImageV2.cs(6,7): error CS0246: The type or namespace name 'OpenCvSharp' could not be found (are you missing a using directive or an assembly reference?) [C:\my_work\CPU_Performence\TestPerformence\TestPerformence\TestPerformence.csproj]
C:\my_work\CPU_Performence\TestPerformence\TestPerformence\OCR\Utils\DetectLabelFromImageV2.cs(7,7): error CS0246: The type or namespace name 'PaddleOCRSharp' could not be found (are you missing a using directive or an assembly reference?) [C:\my_work\CPU_Performence\TestPerformence\TestPerformence\TestPerformence.csproj]
C:\my_work\CPU_Performence\TestPerformence\TestPerformence\OCR\Utils\DetectLabelFromImageV2.cs(8,7): error CS0246: The type or namespace name 'Sdcb' could not be found (are you missing a using directive or an assembly reference?) [C:\my_work\CPU_Performence\TestPerformence\TestPerformence\TestPerformence.csproj]
C:\my_work\CPU_Performence\TestPerformence\TestPerformence\OCR\Utils\GetRectangleAroundQR.cs(1,7): error CS0246: The type or namespace name 'OpenCvSharp' could not be found (are you missing a using directive or an assembly reference?) [C:\my_work\CPU_Performence\TestPerformence\TestPerformence\TestPerformence.csproj]
C:\my_work\CPU_Performence\TestPerformence\TestPerformence\OCR\Utils\ImageEnhancer.cs(9,16): error CS0246: The type or namespace name 'OpenCvSharp' could not be found (are you missing a using directive or an assembly reference?) [C:\my_work\CPU_Performence\TestPerformence\TestPerformence\TestPerformence.csproj]
C:\my_work\CPU_Performence\TestPerformence\TestPerformence\OCR\Utils\ImageEnhancer.cs(10,17): error CS0246: The type or namespace name 'OpenCvSharp' could not be found (are you missing a using directive or an assembly reference?) [C:\my_work\CPU_Performence\TestPerformence\TestPerformence\TestPerformence.csproj]
C:\my_work\CPU_Performence\TestPerformence\TestPerformence\OCR\Utils\ImageEnhancer.cs(1,7): error CS0246: The type or namespace name 'OpenCvSharp' could not be found (are you missing a using directive or an assembly reference?) [C:\my_work\CPU_Performence\TestPerformence\TestPerformence\TestPerformence.csproj]
C:\my_work\CPU_Performence\TestPerformence\TestPerformence\OCR\Utils\LabelDetector.cs(1,7): error CS0246: The type or namespace name 'OpenCvSharp' could not be found (are you missing a using directive or an assembly reference?) [C:\my_work\CPU_Performence\TestPerformence\TestPerformence\TestPerformence.csproj]
C:\my_work\CPU_Performence\TestPerformence\TestPerformence\OCR\Utils\LabelDetector.cs(2,7): error CS0246: The type or namespace name 'PaddleOCRSharp' could not be found (are you missing a using directive or an assembly reference?) [C:\my_work\CPU_Performence\TestPerformence\TestPerformence\TestPerformence.csproj]
C:\my_work\CPU_Performence\TestPerformence\TestPerformence\OCR\Utils\LabelDetectorZXing.cs(1,7): error CS0246: The type or namespace name 'OpenCvSharp' could not be found (are you missing a using directive or an assembly reference?) [C:\my_work\CPU_Performence\TestPerformence\TestPerformence\TestPerformence.csproj]
C:\my_work\CPU_Performence\TestPerformence\TestPerformence\OCR\Utils\LabelDetectorZXing.cs(9,7): error CS0246: The type or namespace name 'ZXing' could not be found (are you missing a using directive or an assembly reference?) [C:\my_work\CPU_Performence\TestPerformence\TestPerformence\TestPerformence.csproj]
C:\my_work\CPU_Performence\TestPerformence\TestPerformence\OCR\Utils\LabelDetectorZXing.cs(10,7): error CS0246: The type or namespace name 'ZXing' could not be found (are you missing a using directive or an assembly reference?) [C:\my_work\CPU_Performence\TestPerformence\TestPerformence\TestPerformence.csproj]
C:\my_work\CPU_Performence\TestPerformence\TestPerformence\OCR\Utils\RotationImage.cs(1,7): error CS0246: The type or namespace name 'OpenCvSharp' could not be found (are you missing a using directive or an assembly reference?) [C:\my_work\CPU_Performence\TestPerformence\TestPerformence\TestPerformence.csproj]
C:\my_work\CPU_Performence\TestPerformence\TestPerformence\OCR\Utils\RotationImage.cs(2,7): error CS0246: The type or namespace name 'Sdcb' could not be found (are you missing a using directive or an assembly reference?) [C:\my_work\CPU_Performence\TestPerformence\TestPerformence\TestPerformence.csproj]
C:\my_work\CPU_Performence\TestPerformence\TestPerformence\OCR\Utils\Yolo11Seg.cs(1,17): error CS0234: The type or namespace name 'ML' does not exist in the namespace 'Microsoft' (are you missing an assembly reference?) [C:\my_work\CPU_Performence\TestPerformence\TestPerformence\TestPerformence.csproj]
C:\my_work\CPU_Performence\TestPerformence\TestPerformence\OCR\Utils\Yolo11Seg.cs(2,17): error CS0234: The type or namespace name 'ML' does not exist in the namespace 'Microsoft' (are you missing an assembly reference?) [C:\my_work\CPU_Performence\TestPerformence\TestPerformence\TestPerformence.csproj]
C:\my_work\CPU_Performence\TestPerformence\TestPerformence\OCR\Utils\Yolo11Seg.cs(3,7): error CS0246: The type or namespace name 'OpenCvSharp' could not be found (are you missing a using directive or an assembly reference?) [C:\my_work\CPU_Performence\TestPerformence\TestPerformence\TestPerformence.csproj]
C:\my_work\CPU_Performence\TestPerformence\TestPerformence\OCR\Utils\CropComponent.cs(12,79): error CS0246: The type or namespace name 'OpenCvSharp' could not be found (are you missing a using directive or an assembly reference?) [C:\my_work\CPU_Performence\TestPerformence\TestPerformence\TestPerformence.csproj]
C:\my_work\CPU_Performence\TestPerformence\TestPerformence\Form1.cs(15,17): error CS0246: The type or namespace name 'PaddleOCREngine' could not be found (are you missing a using directive or an assembly reference?) [C:\my_work\CPU_Performence\TestPerformence\TestPerformence\TestPerformence.csproj]
C:\my_work\CPU_Performence\TestPerformence\TestPerformence\OCR\Utils\GetRectangleAroundQR.cs(12,66): error CS0246: The type or namespace name 'Point2f' could not be found (are you missing a using directive or an assembly reference?) [C:\my_work\CPU_Performence\TestPerformence\TestPerformence\TestPerformence.csproj]
C:\my_work\CPU_Performence\TestPerformence\TestPerformence\OCR\Utils\GetRectangleAroundQR.cs(12,86): error CS0246: The type or namespace name 'Point2f' could not be found (are you missing a using directive or an assembly reference?) [C:\my_work\CPU_Performence\TestPerformence\TestPerformence\TestPerformence.csproj]
C:\my_work\CPU_Performence\TestPerformence\TestPerformence\OCR\Utils\DetectLabelFromImageV2.cs(34,13): error CS0246: The type or namespace name 'Mat' could not be found (are you missing a using directive or an assembly reference?) [C:\my_work\CPU_Performence\TestPerformence\TestPerformence\TestPerformence.csproj]
C:\my_work\CPU_Performence\TestPerformence\TestPerformence\OCR\Utils\DetectLabelFromImageV2.cs(36,13): error CS0246: The type or namespace name 'PaddleOCREngine' could not be found (are you missing a using directive or an assembly reference?) [C:\my_work\CPU_Performence\TestPerformence\TestPerformence\TestPerformence.csproj]
C:\my_work\CPU_Performence\TestPerformence\TestPerformence\OCR\Utils\DetectLabelFromImageV2.cs(37,14): error CS0246: The type or namespace name 'PaddleRotationDetector' could not be found (are you missing a using directive or an assembly reference?) [C:\my_work\CPU_Performence\TestPerformence\TestPerformence\TestPerformence.csproj]
C:\my_work\CPU_Performence\TestPerformence\TestPerformence\Form1.cs(16,17): error CS0246: The type or namespace name 'PaddleRotationDetector' could not be found (are you missing a using directive or an assembly reference?) [C:\my_work\CPU_Performence\TestPerformence\TestPerformence\TestPerformence.csproj]
C:\my_work\CPU_Performence\TestPerformence\TestPerformence\OCR\Utils\DetectLabelFromImage.cs(19,46): error CS0246: The type or namespace name 'Mat' could not be found (are you missing a using directive or an assembly reference?) [C:\my_work\CPU_Performence\TestPerformence\TestPerformence\TestPerformence.csproj]
C:\my_work\CPU_Performence\TestPerformence\TestPerformence\OCR\Utils\DetectLabelFromImage.cs(19,57): error CS0246: The type or namespace name 'PaddleOCREngine' could not be found (are you missing a using directive or an assembly reference?) [C:\my_work\CPU_Performence\TestPerformence\TestPerformence\TestPerformence.csproj]
C:\my_work\CPU_Performence\TestPerformence\TestPerformence\OCR\Utils\DetectLabelFromImage.cs(19,101): error CS0246: The type or namespace name 'OverlayPictureBox' could not be found (are you missing a using directive or an assembly reference?) [C:\my_work\CPU_Performence\TestPerformence\TestPerformence\TestPerformence.csproj]
C:\my_work\CPU_Performence\TestPerformence\TestPerformence\OCR\Utils\DetectLabelFromImage.cs(19,23): error CS0246: The type or namespace name 'DetectInfo' could not be found (are you missing a using directive or an assembly reference?) [C:\my_work\CPU_Performence\TestPerformence\TestPerformence\TestPerformence.csproj]
C:\my_work\CPU_Performence\TestPerformence\TestPerformence\OCR\Utils\DetectLabelFromImageV2.cs(257,105): error CS0246: The type or namespace name 'PaddleOCREngine' could not be found (are you missing a using directive or an assembly reference?) [C:\my_work\CPU_Performence\TestPerformence\TestPerformence\TestPerformence.csproj]
C:\my_work\CPU_Performence\TestPerformence\TestPerformence\OCR\Utils\GetRectangleAroundQR.cs(60,54): error CS0246: The type or namespace name 'Point2f' could not be found (are you missing a using directive or an assembly reference?) [C:\my_work\CPU_Performence\TestPerformence\TestPerformence\TestPerformence.csproj]
C:\my_work\CPU_Performence\TestPerformence\TestPerformence\OCR\Utils\GetRectangleAroundQR.cs(60,23): error CS0246: The type or namespace name 'Point2f' could not be found (are you missing a using directive or an assembly reference?) [C:\my_work\CPU_Performence\TestPerformence\TestPerformence\TestPerformence.csproj]
C:\my_work\CPU_Performence\TestPerformence\TestPerformence\Form1.cs(17,17): error CS0246: The type or namespace name 'Mat' could not be found (are you missing a using directive or an assembly reference?) [C:\my_work\CPU_Performence\TestPerformence\TestPerformence\TestPerformence.csproj]
C:\my_work\CPU_Performence\TestPerformence\TestPerformence\OCR\Utils\LabelDetector.cs(21,151): error CS0246: The type or namespace name 'Point2f' could not be found (are you missing a using directive or an assembly reference?) [C:\my_work\CPU_Performence\TestPerformence\TestPerformence\TestPerformence.csproj]
C:\my_work\CPU_Performence\TestPerformence\TestPerformence\OCR\Utils\LabelDetector.cs(21,24): error CS0246: The type or namespace name 'RotatedRect' could not be found (are you missing a using directive or an assembly reference?) [C:\my_work\CPU_Performence\TestPerformence\TestPerformence\TestPerformence.csproj]
C:\my_work\CPU_Performence\TestPerformence\TestPerformence\OCR\Utils\LabelDetector.cs(21,43): error CS0246: The type or namespace name 'Point2f' could not be found (are you missing a using directive or an assembly reference?) [C:\my_work\CPU_Performence\TestPerformence\TestPerformence\TestPerformence.csproj]
C:\my_work\CPU_Performence\TestPerformence\TestPerformence\OCR\Utils\DetectLabelFromImage.cs(171,43): error CS0246: The type or namespace name 'Mat' could not be found (are you missing a using directive or an assembly reference?) [C:\my_work\CPU_Performence\TestPerformence\TestPerformence\TestPerformence.csproj]
C:\my_work\CPU_Performence\TestPerformence\TestPerformence\OCR\Utils\DetectLabelFromImageV2.cs(301,43): error CS0246: The type or namespace name 'Mat' could not be found (are you missing a using directive or an assembly reference?) [C:\my_work\CPU_Performence\TestPerformence\TestPerformence\TestPerformence.csproj]
C:\my_work\CPU_Performence\TestPerformence\TestPerformence\OCR\Utils\DetectLabelFromImage.cs(204,24): error CS0246: The type or namespace name 'Mat' could not be found (are you missing a using directive or an assembly reference?) [C:\my_work\CPU_Performence\TestPerformence\TestPerformence\TestPerformence.csproj]
C:\my_work\CPU_Performence\TestPerformence\TestPerformence\OCR\Utils\GetRectangleAroundQR.cs(122,60): error CS0246: The type or namespace name 'Point2f' could not be found (are you missing a using directive or an assembly reference?) [C:\my_work\CPU_Performence\TestPerformence\TestPerformence\TestPerformence.csproj]
C:\my_work\CPU_Performence\TestPerformence\TestPerformence\OCR\Utils\GetRectangleAroundQR.cs(122,24): error CS0246: The type or namespace name 'Point2f' could not be found (are you missing a using directive or an assembly reference?) [C:\my_work\CPU_Performence\TestPerformence\TestPerformence\TestPerformence.csproj]
C:\my_work\CPU_Performence\TestPerformence\TestPerformence\OCR\Utils\ImageEnhancer.cs(389,41): error CS0246: The type or namespace name 'Mat' could not be found (are you missing a using directive or an assembly reference?) [C:\my_work\CPU_Performence\TestPerformence\TestPerformence\TestPerformence.csproj]
C:\my_work\CPU_Performence\TestPerformence\TestPerformence\OCR\Utils\DetectLabelFromImageV2.cs(338,45): error CS0246: The type or namespace name 'Mat' could not be found (are you missing a using directive or an assembly reference?) [C:\my_work\CPU_Performence\TestPerformence\TestPerformence\TestPerformence.csproj]
C:\my_work\CPU_Performence\TestPerformence\TestPerformence\OCR\Utils\DetectLabelFromImageV2.cs(338,24): error CS0246: The type or namespace name 'Mat' could not be found (are you missing a using directive or an assembly reference?) [C:\my_work\CPU_Performence\TestPerformence\TestPerformence\TestPerformence.csproj]
C:\my_work\CPU_Performence\TestPerformence\TestPerformence\OCR\Utils\LabelDetectorZXing.cs(21,24): error CS0246: The type or namespace name 'Point2f' could not be found (are you missing a using directive or an assembly reference?) [C:\my_work\CPU_Performence\TestPerformence\TestPerformence\TestPerformence.csproj]
C:\my_work\CPU_Performence\TestPerformence\TestPerformence\Form1.Designer.cs(14,33): error CS0111: Type 'Form1' already defines a member called 'Dispose' with the same parameter types [C:\my_work\CPU_Performence\TestPerformence\TestPerformence\TestPerformence.csproj]
C:\my_work\CPU_Performence\TestPerformence\TestPerformence\OCR\Utils\LabelDetector.cs(188,103): error CS0246: The type or namespace name 'RotatedRect' could not be found (are you missing a using directive or an assembly reference?) [C:\my_work\CPU_Performence\TestPerformence\TestPerformence\TestPerformence.csproj]
C:\my_work\CPU_Performence\TestPerformence\TestPerformence\OCR\Utils\LabelDetector.cs(188,121): error CS0246: The type or namespace name 'OpenCvSharp' could not be found (are you missing a using directive or an assembly reference?) [C:\my_work\CPU_Performence\TestPerformence\TestPerformence\TestPerformence.csproj]
C:\my_work\CPU_Performence\TestPerformence\TestPerformence\OCR\Utils\LabelDetector.cs(189,33): error CS0246: The type or namespace name 'Point2f' could not be found (are you missing a using directive or an assembly reference?) [C:\my_work\CPU_Performence\TestPerformence\TestPerformence\TestPerformence.csproj]
C:\my_work\CPU_Performence\TestPerformence\TestPerformence\OCR\Utils\LabelDetector.cs(189,56): error CS0246: The type or namespace name 'Point2f' could not be found (are you missing a using directive or an assembly reference?) [C:\my_work\CPU_Performence\TestPerformence\TestPerformence\TestPerformence.csproj]
C:\my_work\CPU_Performence\TestPerformence\TestPerformence\OCR\Utils\LabelDetector.cs(188,46): error CS0246: The type or namespace name 'OpenCvSharp' could not be found (are you missing a using directive or an assembly reference?) [C:\my_work\CPU_Performence\TestPerformence\TestPerformence\TestPerformence.csproj]
C:\my_work\CPU_Performence\TestPerformence\TestPerformence\OCR\Utils\ImageEnhancer.cs(400,43): error CS0246: The type or namespace name 'Mat' could not be found (are you missing a using directive or an assembly reference?) [C:\my_work\CPU_Performence\TestPerformence\TestPerformence\TestPerformence.csproj]
C:\my_work\CPU_Performence\TestPerformence\TestPerformence\OCR\Utils\DetectLabelFromImage.cs(211,83): error CS0246: The type or namespace name 'OverlayPictureBox' could not be found (are you missing a using directive or an assembly reference?) [C:\my_work\CPU_Performence\TestPerformence\TestPerformence\TestPerformence.csproj]
C:\my_work\CPU_Performence\TestPerformence\TestPerformence\OCR\Utils\DetectLabelFromImage.cs(211,24): error CS0246: The type or namespace name 'RoiResult' could not be found (are you missing a using directive or an assembly reference?) [C:\my_work\CPU_Performence\TestPerformence\TestPerformence\TestPerformence.csproj]
C:\my_work\CPU_Performence\TestPerformence\TestPerformence\OCR\Utils\LabelDetector.cs(339,24): error CS0246: The type or namespace name 'Point2f' could not be found (are you missing a using directive or an assembly reference?) [C:\my_work\CPU_Performence\TestPerformence\TestPerformence\TestPerformence.csproj]
C:\my_work\CPU_Performence\TestPerformence\TestPerformence\OCR\Utils\RotationImage.cs(13,23): error CS0246: The type or namespace name 'RotatedRect' could not be found (are you missing a using directive or an assembly reference?) [C:\my_work\CPU_Performence\TestPerformence\TestPerformence\TestPerformence.csproj]
C:\my_work\CPU_Performence\TestPerformence\TestPerformence\OCR\Utils\DetectLabelFromImage.cs(256,105): error CS0246: The type or namespace name 'PaddleOCREngine' could not be found (are you missing a using directive or an assembly reference?) [C:\my_work\CPU_Performence\TestPerformence\TestPerformence\TestPerformence.csproj]
C:\my_work\CPU_Performence\TestPerformence\TestPerformence\OCR\Utils\ImageEnhancer.cs(417,45): error CS0246: The type or namespace name 'Point2f' could not be found (are you missing a using directive or an assembly reference?) [C:\my_work\CPU_Performence\TestPerformence\TestPerformence\TestPerformence.csproj]
C:\my_work\CPU_Performence\TestPerformence\TestPerformence\OCR\Utils\ImageEnhancer.cs(417,24): error CS0246: The type or namespace name 'Point2f' could not be found (are you missing a using directive or an assembly reference?) [C:\my_work\CPU_Performence\TestPerformence\TestPerformence\TestPerformence.csproj]
C:\my_work\CPU_Performence\TestPerformence\TestPerformence\OCR\Utils\LabelDetector.cs(365,23): error CS0246: The type or namespace name 'Mat' could not be found (are you missing a using directive or an assembly reference?) [C:\my_work\CPU_Performence\TestPerformence\TestPerformence\TestPerformence.csproj]
C:\my_work\CPU_Performence\TestPerformence\TestPerformence\OCR\Utils\Yolo11Seg.cs(20,16): error CS0246: The type or namespace name 'Rect' could not be found (are you missing a using directive or an assembly reference?) [C:\my_work\CPU_Performence\TestPerformence\TestPerformence\TestPerformence.csproj]
C:\my_work\CPU_Performence\TestPerformence\TestPerformence\OCR\Utils\LabelDetector.cs(372,42): error CS0246: The type or namespace name 'Mat' could not be found (are you missing a using directive or an assembly reference?) [C:\my_work\CPU_Performence\TestPerformence\TestPerformence\TestPerformence.csproj]
C:\my_work\CPU_Performence\TestPerformence\TestPerformence\OCR\Utils\Yolo11Seg.cs(23,21): error CS0246: The type or namespace name 'OpenCvSharp' could not be found (are you missing a using directive or an assembly reference?) [C:\my_work\CPU_Performence\TestPerformence\TestPerformence\TestPerformence.csproj]
C:\my_work\CPU_Performence\TestPerformence\TestPerformence\OCR\Utils\RotationImage.cs(26,45): error CS0246: The type or namespace name 'Mat' could not be found (are you missing a using directive or an assembly reference?) [C:\my_work\CPU_Performence\TestPerformence\TestPerformence\TestPerformence.csproj]
C:\my_work\CPU_Performence\TestPerformence\TestPerformence\OCR\Utils\RotationImage.cs(26,62): error CS0246: The type or namespace name 'RotatedRect' could not be found (are you missing a using directive or an assembly reference?) [C:\my_work\CPU_Performence\TestPerformence\TestPerformence\TestPerformence.csproj]
C:\my_work\CPU_Performence\TestPerformence\TestPerformence\OCR\Utils\RotationImage.cs(26,23): error CS0246: The type or namespace name 'Mat' could not be found (are you missing a using directive or an assembly reference?) [C:\my_work\CPU_Performence\TestPerformence\TestPerformence\TestPerformence.csproj]
C:\my_work\CPU_Performence\TestPerformence\TestPerformence\OCR\Utils\ImageEnhancer.cs(452,39): error CS0246: The type or namespace name 'Point2f' could not be found (are you missing a using directive or an assembly reference?) [C:\my_work\CPU_Performence\TestPerformence\TestPerformence\TestPerformence.csproj]
C:\my_work\CPU_Performence\TestPerformence\TestPerformence\OCR\Utils\ImageEnhancer.cs(452,51): error CS0246: The type or namespace name 'Point2f' could not be found (are you missing a using directive or an assembly reference?) [C:\my_work\CPU_Performence\TestPerformence\TestPerformence\TestPerformence.csproj]
C:\my_work\CPU_Performence\TestPerformence\TestPerformence\OCR\Utils\Yolo11Seg.cs(119,45): error CS0246: The type or namespace name 'Mat' could not be found (are you missing a using directive or an assembly reference?) [C:\my_work\CPU_Performence\TestPerformence\TestPerformence\TestPerformence.csproj]
C:\my_work\CPU_Performence\TestPerformence\TestPerformence\OCR\Utils\ImageEnhancer.cs(462,24): error CS0246: The type or namespace name 'Mat' could not be found (are you missing a using directive or an assembly reference?) [C:\my_work\CPU_Performence\TestPerformence\TestPerformence\TestPerformence.csproj]
C:\my_work\CPU_Performence\TestPerformence\TestPerformence\OCR\Utils\RotationImage.cs(92,48): error CS0246: The type or namespace name 'Mat' could not be found (are you missing a using directive or an assembly reference?) [C:\my_work\CPU_Performence\TestPerformence\TestPerformence\TestPerformence.csproj]
C:\my_work\CPU_Performence\TestPerformence\TestPerformence\OCR\Utils\RotationImage.cs(92,23): error CS0246: The type or namespace name 'Mat' could not be found (are you missing a using directive or an assembly reference?) [C:\my_work\CPU_Performence\TestPerformence\TestPerformence\TestPerformence.csproj]
C:\my_work\CPU_Performence\TestPerformence\TestPerformence\OCR\Utils\ImageEnhancer.cs(472,43): error CS0246: The type or namespace name 'Mat' could not be found (are you missing a using directive or an assembly reference?) [C:\my_work\CPU_Performence\TestPerformence\TestPerformence\TestPerformence.csproj]
C:\my_work\CPU_Performence\TestPerformence\TestPerformence\OCR\Utils\Yolo11Seg.cs(256,64): error CS0246: The type or namespace name 'Tensor<>' could not be found (are you missing a using directive or an assembly reference?) [C:\my_work\CPU_Performence\TestPerformence\TestPerformence\TestPerformence.csproj]
C:\my_work\CPU_Performence\TestPerformence\TestPerformence\OCR\Utils\Yolo11Seg.cs(256,22): error CS0246: The type or namespace name 'OpenCvSharp' could not be found (are you missing a using directive or an assembly reference?) [C:\my_work\CPU_Performence\TestPerformence\TestPerformence\TestPerformence.csproj]
C:\my_work\CPU_Performence\TestPerformence\TestPerformence\OCR\Utils\RotationImage.cs(118,57): error CS0246: The type or namespace name 'Mat' could not be found (are you missing a using directive or an assembly reference?) [C:\my_work\CPU_Performence\TestPerformence\TestPerformence\TestPerformence.csproj]
C:\my_work\CPU_Performence\TestPerformence\TestPerformence\OCR\Utils\RotationImage.cs(118,66): error CS0246: The type or namespace name 'PaddleRotationDetector' could not be found (are you missing a using directive or an assembly reference?) [C:\my_work\CPU_Performence\TestPerformence\TestPerformence\TestPerformence.csproj]
C:\my_work\CPU_Performence\TestPerformence\TestPerformence\OCR\Utils\RotationImage.cs(118,23): error CS0246: The type or namespace name 'RotationDegree' could not be found (are you missing a using directive or an assembly reference?) [C:\my_work\CPU_Performence\TestPerformence\TestPerformence\TestPerformence.csproj]
C:\my_work\CPU_Performence\TestPerformence\TestPerformence\OCR\Utils\Yolo11Seg.cs(302,52): error CS0246: The type or namespace name 'Mat' could not be found (are you missing a using directive or an assembly reference?) [C:\my_work\CPU_Performence\TestPerformence\TestPerformence\TestPerformence.csproj]
C:\my_work\CPU_Performence\TestPerformence\TestPerformence\OCR\Utils\Yolo11Seg.cs(302,17): error CS0246: The type or namespace name 'DenseTensor<>' could not be found (are you missing a using directive or an assembly reference?) [C:\my_work\CPU_Performence\TestPerformence\TestPerformence\TestPerformence.csproj]
C:\my_work\CPU_Performence\TestPerformence\TestPerformence\OCR\Utils\RotationImage.cs(124,34): error CS0246: The type or namespace name 'Mat' could not be found (are you missing a using directive or an assembly reference?) [C:\my_work\CPU_Performence\TestPerformence\TestPerformence\TestPerformence.csproj]
C:\my_work\CPU_Performence\TestPerformence\TestPerformence\OCR\Utils\Yolo11Seg.cs(423,34): error CS0246: The type or namespace name 'Tensor<>' could not be found (are you missing a using directive or an assembly reference?) [C:\my_work\CPU_Performence\TestPerformence\TestPerformence\TestPerformence.csproj]
C:\my_work\CPU_Performence\TestPerformence\TestPerformence\OCR\Utils\RotationImage.cs(124,43): error CS0246: The type or namespace name 'RotationDegree' could not be found (are you missing a using directive or an assembly reference?) [C:\my_work\CPU_Performence\TestPerformence\TestPerformence\TestPerformence.csproj]
C:\my_work\CPU_Performence\TestPerformence\TestPerformence\OCR\Utils\RotationImage.cs(124,23): error CS0246: The type or namespace name 'Mat' could not be found (are you missing a using directive or an assembly reference?) [C:\my_work\CPU_Performence\TestPerformence\TestPerformence\TestPerformence.csproj]
C:\my_work\CPU_Performence\TestPerformence\TestPerformence\OCR\Utils\Yolo11Seg.cs(423,17): error CS0246: The type or namespace name 'Mat' could not be found (are you missing a using directive or an assembly reference?) [C:\my_work\CPU_Performence\TestPerformence\TestPerformence\TestPerformence.csproj]
C:\my_work\CPU_Performence\TestPerformence\TestPerformence\OCR\Utils\Yolo11Seg.cs(31,26): error CS0246: The type or namespace name 'InferenceSession' could not be found (are you missing a using directive or an assembly reference?) [C:\my_work\CPU_Performence\TestPerformence\TestPerformence\TestPerformence.csproj]
C:\my_work\CPU_Performence\TestPerformence\TestPerformence\OCR\Utils\Yolo11Seg.cs(32,26): error CS0246: The type or namespace name 'SessionOptions' could not be found (are you missing a using directive or an assembly reference?) [C:\my_work\CPU_Performence\TestPerformence\TestPerformence\TestPerformence.csproj]
    2 Warning(s)
    99 Error(s)

Time Elapsed 00:00:03.04
